<?xml version="1.0" encoding="UTF-8"?>
<!-- Generated by org.testng.reporters.JUnitXMLReporter -->
<testsuite hostname="RIPLBRD48" ignored="0" name="Test" tests="8" failures="0" timestamp="05 Apr 2019 09:03:12 GMT" time="237.968" errors="0">
  <testcase name="ServiceProviderMyClientsAddMyClient" time="32.205" classname="TSC_Framework_AllTestCase.ServiceProvider_Testcase"/>
  <testcase name="DashboardAndSearchJobSeeker" time="26.862" classname="TSC_Framework_AllTestCase.ServiceProvider_Testcase"/>
  <testcase name="ManageBranches" time="15.498" classname="TSC_Framework_AllTestCase.ServiceProvider_Testcase"/>
  <testcase name="ServiceProviderManageEmployees" time="17.347" classname="TSC_Framework_AllTestCase.ServiceProvider_Testcase"/>
  <testcase name="ServiceProviderMyInvitee" time="15.36" classname="TSC_Framework_AllTestCase.ServiceProvider_Testcase"/>
  <testcase name="ServiceProviderOtherSearch" time="19.796" classname="TSC_Framework_AllTestCase.ServiceProvider_Testcase"/>
  <testcase name="ServiceProviderProfileUpdate" time="13.106" classname="TSC_Framework_AllTestCase.ServiceProvider_Testcase"/>
  <testcase name="Logout" time="20.431" classname="TSC_Framework_AllTestCase.ServiceProvider_Testcase"/>
</testsuite> <!-- Test -->
